Determining if the pthread_create exist failed with the following output:
Change Dir: /home/quan/hexapod_buffer_ws/src/climb2wall/build/CMakeFiles/CMakeTmp

Run Build Command:/usr/bin/make "cmTryCompileExec704833432/fast"
/usr/bin/make -f CMakeFiles/cmTryCompileExec704833432.dir/build.make CMakeFiles/cmTryCompileExec704833432.dir/build
make[1]: Entering directory `/home/quan/hexapod_buffer_ws/src/climb2wall/build/CMakeFiles/CMakeTmp'
/usr/bin/cmake -E cmake_progress_report /home/quan/hexapod_buffer_ws/src/climb2wall/build/CMakeFiles/CMakeTmp/CMakeFiles 1
Building C object CMakeFiles/cmTryCompileExec704833432.dir/CheckSymbolExists.c.o
/usr/bin/cc    -o CMakeFiles/cmTryCompileExec704833432.dir/CheckSymbolExists.c.o   -c /home/quan/hexapod_buffer_ws/src/climb2wall/build/CMakeFiles/CMakeTmp/CheckSymbolExists.c
Linking C executable cmTryCompileExec704833432
/usr/bin/cmake -E cmake_link_script CMakeFiles/cmTryCompileExec704833432.dir/link.txt --verbose=1
/usr/bin/cc       CMakeFiles/cmTryCompileExec704833432.dir/CheckSymbolExists.c.o  -o cmTryCompileExec704833432 -rdynamic 
CMakeFiles/cmTryCompileExec704833432.dir/CheckSymbolExists.c.o: In function `main':
CheckSymbolExists.c:(.text+0x16): undefined reference to `pthread_create'
collect2: error: ld returned 1 exit status
make[1]: *** [cmTryCompileExec704833432] Error 1
make[1]: Leaving directory `/home/quan/hexapod_buffer_ws/src/climb2wall/build/CMakeFiles/CMakeTmp'
make: *** [cmTryCompileExec704833432/fast] Error 2

File /home/quan/hexapod_buffer_ws/src/climb2wall/build/CMakeFiles/CMakeTmp/CheckSymbolExists.c:
/* */
#include <pthread.h>

int main(int argc, char** argv)
{
  (void)argv;
#ifndef pthread_create
  return ((int*)(&pthread_create))[argc];
#else
  (void)argc;
  return 0;
#endif
}

Determining if the function pthread_create exists in the pthreads failed with the following output:
Change Dir: /home/quan/hexapod_buffer_ws/src/climb2wall/build/CMakeFiles/CMakeTmp

Run Build Command:/usr/bin/make "cmTryCompileExec3976459208/fast"
/usr/bin/make -f CMakeFiles/cmTryCompileExec3976459208.dir/build.make CMakeFiles/cmTryCompileExec3976459208.dir/build
make[1]: Entering directory `/home/quan/hexapod_buffer_ws/src/climb2wall/build/CMakeFiles/CMakeTmp'
/usr/bin/cmake -E cmake_progress_report /home/quan/hexapod_buffer_ws/src/climb2wall/build/CMakeFiles/CMakeTmp/CMakeFiles 1
Building C object CMakeFiles/cmTryCompileExec3976459208.dir/CheckFunctionExists.c.o
/usr/bin/cc   -DCHECK_FUNCTION_EXISTS=pthread_create   -o CMakeFiles/cmTryCompileExec3976459208.dir/CheckFunctionExists.c.o   -c /usr/share/cmake-2.8/Modules/CheckFunctionExists.c
Linking C executable cmTryCompileExec3976459208
/usr/bin/cmake -E cmake_link_script CMakeFiles/cmTryCompileExec3976459208.dir/link.txt --verbose=1
/usr/bin/cc   -DCHECK_FUNCTION_EXISTS=pthread_create    CMakeFiles/cmTryCompileExec3976459208.dir/CheckFunctionExists.c.o  -o cmTryCompileExec3976459208 -rdynamic -lpthreads 
/usr/bin/ld: cannot find -lpthreads
collect2: error: ld returned 1 exit status
make[1]: *** [cmTryCompileExec3976459208] Error 1
make[1]: Leaving directory `/home/quan/hexapod_buffer_ws/src/climb2wall/build/CMakeFiles/CMakeTmp'
make: *** [cmTryCompileExec3976459208/fast] Error 2


